<?xml version="1.0" encoding="UTF-8"?>
<!-- Generated by org.testng.reporters.JUnitReportReporter -->
<testsuite hostname="Timmy-PC" name="com.lufthansa.bookings.Test1" tests="1" failures="0" timestamp="15 May 2016 10:13:17 GMT" time="21.992" errors="0">
  <testcase name="flight" time="21.992" classname="com.lufthansa.bookings.Test1"/>
</testsuite> <!-- com.lufthansa.bookings.Test1 -->
