<?xml version="1.0" encoding="UTF-8"?>
<!-- Generated by org.testng.reporters.JUnitReportReporter -->
<testsuite hostname="Timmy-PC" name="com.lufthansa.bookings.Test3" tests="1" failures="0" timestamp="15 May 2016 10:26:15 GMT" time="14.263" errors="0">
  <testcase name="test3" time="14.263" classname="com.lufthansa.bookings.Test3"/>
</testsuite> <!-- com.lufthansa.bookings.Test3 -->
