<?xml version="1.0" encoding="UTF-8"?>
<!-- Generated by org.testng.reporters.JUnitReportReporter -->
<testsuite hostname="Timmy-PC" name="com.lufthansa.bookings.Test2" tests="1" failures="0" timestamp="15 May 2016 10:16:23 GMT" time="14.996" errors="0">
  <testcase name="test2" time="14.996" classname="com.lufthansa.bookings.Test2"/>
</testsuite> <!-- com.lufthansa.bookings.Test2 -->
